TN:
SF:main.js
FN:1,(anonymous_0)
FN:7,(anonymous_1)
FN:29,uploadFiles
FN:43,(anonymous_3)
FN:44,(anonymous_4)
FN:45,(anonymous_5)
FN:51,downloadFiles
FN:64,(anonymous_7)
FN:65,(anonymous_8)
FN:75,(anonymous_9)
FNF:10
FNH:8
FNDA:7,(anonymous_0)
FNDA:1,(anonymous_1)
FNDA:2,uploadFiles
FNDA:1,(anonymous_3)
FNDA:1,(anonymous_4)
FNDA:0,(anonymous_5)
FNDA:3,downloadFiles
FNDA:2,(anonymous_7)
FNDA:2,(anonymous_8)
FNDA:0,(anonymous_9)
DA:1,1
DA:2,7
DA:3,7
DA:4,7
DA:6,7
DA:7,6
DA:8,1
DA:9,1
DA:11,1
DA:12,1
DA:13,1
DA:14,1
DA:15,1
DA:20,7
DA:21,6
DA:24,7
DA:25,6
DA:30,2
DA:31,2
DA:33,2
DA:34,1
DA:35,1
DA:36,1
DA:39,1
DA:43,1
DA:44,1
DA:45,0
DA:47,1
DA:52,3
DA:53,3
DA:55,3
DA:56,2
DA:57,2
DA:58,2
DA:61,2
DA:64,2
DA:66,2
DA:67,2
DA:68,2
DA:69,2
DA:70,2
DA:71,2
DA:72,2
DA:73,2
DA:75,0
DA:77,1
LF:46
LH:44
BRDA:6,0,0,6
BRDA:6,0,1,1
BRDA:20,1,0,6
BRDA:20,1,1,1
BRDA:24,2,0,6
BRDA:24,2,1,1
BRDA:33,3,0,1
BRDA:33,3,1,1
BRDA:55,4,0,2
BRDA:55,4,1,1
BRF:10
BRH:10
end_of_record
